<?xml version="1.0" encoding="UTF-8"?>
<testsuite xmlns:xsi="http://www.w3.org/2001/XMLSchema-instance" xsi:noNamespaceSchemaLocation="https://maven.apache.org/surefire/maven-surefire-plugin/xsd/surefire-test-report.xsd" name="testing.LibraryTests" time="0.076" tests="10" errors="0" skipped="0" failures="0">
  <properties>
[...]
</properties>
  <testcase name="searchBookByTitleAndYearTest" classname="testing.LibraryTests" time="0.029"/>
  <testcase name="showBookDetailsByIdTest" classname="testing.LibraryTests" time="0.002"/>
  <testcase name="searchBookByAuthorTest" classname="testing.LibraryTests" time="0.013"/>
  <testcase name="searchBookByTitleTest" classname="testing.LibraryTests" time="0"/>
  <testcase name="addNewBookTest" classname="testing.LibraryTests" time="0.004"/>
  <testcase name="bookExistByIdTest" classname="testing.LibraryTests" time="0.003"/>
  <testcase name="searchBookByYearTest" classname="testing.LibraryTests" time="0.002"/>
  <testcase name="removeBookByIdTest" classname="testing.LibraryTests" time="0.002"/>
  <testcase name="searchBookByTitleAndAuthorTest" classname="testing.LibraryTests" time="0.002"/>
  <testcase name="lentBookByIdTest" classname="testing.LibraryTests" time="0.002"/>
</testsuite>